  View.cpp
  stdafx.cpp
  MVCImage.cpp
  Model.cpp
d:\modules\comp3304 - advanced oo\milestone 2\14002425_comp3304_finalmilestone\mvcimage - commented\mvcimage\model.cpp(195): warning C4101: 'b': unreferenced local variable
d:\modules\comp3304 - advanced oo\milestone 2\14002425_comp3304_finalmilestone\mvcimage - commented\mvcimage\model.cpp(215): warning C4018: '>=': signed/unsigned mismatch
d:\modules\comp3304 - advanced oo\milestone 2\14002425_comp3304_finalmilestone\mvcimage - commented\mvcimage\model.cpp(222): warning C4101: 'b': unreferenced local variable
d:\modules\comp3304 - advanced oo\milestone 2\14002425_comp3304_finalmilestone\mvcimage - commented\mvcimage\model.cpp(249): warning C4101: 'b': unreferenced local variable
d:\modules\comp3304 - advanced oo\milestone 2\14002425_comp3304_finalmilestone\mvcimage - commented\mvcimage\model.cpp(271): warning C4101: 'b': unreferenced local variable
d:\modules\comp3304 - advanced oo\milestone 2\14002425_comp3304_finalmilestone\mvcimage - commented\mvcimage\model.cpp(293): warning C4101: 'b': unreferenced local variable
d:\modules\comp3304 - advanced oo\milestone 2\14002425_comp3304_finalmilestone\mvcimage - commented\mvcimage\model.cpp(315): warning C4101: 'b': unreferenced local variable
d:\modules\comp3304 - advanced oo\milestone 2\14002425_comp3304_finalmilestone\mvcimage - commented\mvcimage\model.cpp(337): warning C4101: 'b': unreferenced local variable
d:\modules\comp3304 - advanced oo\milestone 2\14002425_comp3304_finalmilestone\mvcimage - commented\mvcimage\model.cpp(359): warning C4244: 'argument': conversion from 'double' to 'unsigned int', possible loss of data
d:\modules\comp3304 - advanced oo\milestone 2\14002425_comp3304_finalmilestone\mvcimage - commented\mvcimage\model.cpp(361): warning C4101: 'b': unreferenced local variable
d:\modules\comp3304 - advanced oo\milestone 2\14002425_comp3304_finalmilestone\mvcimage - commented\mvcimage\model.cpp(383): warning C4244: 'argument': conversion from 'double' to 'unsigned int', possible loss of data
d:\modules\comp3304 - advanced oo\milestone 2\14002425_comp3304_finalmilestone\mvcimage - commented\mvcimage\model.cpp(385): warning C4101: 'b': unreferenced local variable
  ImageGUI.cxx
d:\modules\comp3304 - advanced oo\milestone 2\14002425_comp3304_finalmilestone\mvcimage - commented\mvcimage\imagegui.cxx(300): warning C4101: 'b': unreferenced local variable
  ImageFactory.cpp
  EventArgs.cpp
  Controller.cpp
  Generating Code...
fltkd.lib(case.obj) : warning LNK4099: PDB 'fltk.pdb' was not found with 'fltkd.lib(case.obj)' or at 'D:\Modules\COMP3304 - Advanced OO\Milestone 2\14002425_COMP3304_FinalMilestone\MVCImage - Commented\Debug\fltk.pdb'; linking object as if no debug info
fltkd.lib(filename_absolute.obj) : warning LNK4099: PDB 'fltk.pdb' was not found with 'fltkd.lib(filename_absolute.obj)' or at 'D:\Modules\COMP3304 - Advanced OO\Milestone 2\14002425_COMP3304_FinalMilestone\MVCImage - Commented\Debug\fltk.pdb'; linking object as if no debug info
fltkd.lib(filename_expand.obj) : warning LNK4099: PDB 'fltk.pdb' was not found with 'fltkd.lib(filename_expand.obj)' or at 'D:\Modules\COMP3304 - Advanced OO\Milestone 2\14002425_COMP3304_FinalMilestone\MVCImage - Commented\Debug\fltk.pdb'; linking object as if no debug info
fltkd.lib(filename_isdir.obj) : warning LNK4099: PDB 'fltk.pdb' was not found with 'fltkd.lib(filename_isdir.obj)' or at 'D:\Modules\COMP3304 - Advanced OO\Milestone 2\14002425_COMP3304_FinalMilestone\MVCImage - Commented\Debug\fltk.pdb'; linking object as if no debug info
fltkd.lib(filename_list.obj) : warning LNK4099: PDB 'fltk.pdb' was not found with 'fltkd.lib(filename_list.obj)' or at 'D:\Modules\COMP3304 - Advanced OO\Milestone 2\14002425_COMP3304_FinalMilestone\MVCImage - Commented\Debug\fltk.pdb'; linking object as if no debug info
fltkd.lib(filename_match.obj) : warning LNK4099: PDB 'fltk.pdb' was not found with 'fltkd.lib(filename_match.obj)' or at 'D:\Modules\COMP3304 - Advanced OO\Milestone 2\14002425_COMP3304_FinalMilestone\MVCImage - Commented\Debug\fltk.pdb'; linking object as if no debug info
fltkd.lib(Fl.obj) : warning LNK4099: PDB 'fltk.pdb' was not found with 'fltkd.lib(Fl.obj)' or at 'D:\Modules\COMP3304 - Advanced OO\Milestone 2\14002425_COMP3304_FinalMilestone\MVCImage - Commented\Debug\fltk.pdb'; linking object as if no debug info
fltkd.lib(Fl_abort.obj) : warning LNK4099: PDB 'fltk.pdb' was not found with 'fltkd.lib(Fl_abort.obj)' or at 'D:\Modules\COMP3304 - Advanced OO\Milestone 2\14002425_COMP3304_FinalMilestone\MVCImage - Commented\Debug\fltk.pdb'; linking object as if no debug info
fltkd.lib(fl_arc.obj) : warning LNK4099: PDB 'fltk.pdb' was not found with 'fltkd.lib(fl_arc.obj)' or at 'D:\Modules\COMP3304 - Advanced OO\Milestone 2\14002425_COMP3304_FinalMilestone\MVCImage - Commented\Debug\fltk.pdb'; linking object as if no debug info
fltkd.lib(fl_arci.obj) : warning LNK4099: PDB 'fltk.pdb' was not found with 'fltkd.lib(fl_arci.obj)' or at 'D:\Modules\COMP3304 - Advanced OO\Milestone 2\14002425_COMP3304_FinalMilestone\MVCImage - Commented\Debug\fltk.pdb'; linking object as if no debug info
fltkd.lib(fl_ask.obj) : warning LNK4099: PDB 'fltk.pdb' was not found with 'fltkd.lib(fl_ask.obj)' or at 'D:\Modules\COMP3304 - Advanced OO\Milestone 2\14002425_COMP3304_FinalMilestone\MVCImage - Commented\Debug\fltk.pdb'; linking object as if no debug info
fltkd.lib(Fl_Bitmap.obj) : warning LNK4099: PDB 'fltk.pdb' was not found with 'fltkd.lib(Fl_Bitmap.obj)' or at 'D:\Modules\COMP3304 - Advanced OO\Milestone 2\14002425_COMP3304_FinalMilestone\MVCImage - Commented\Debug\fltk.pdb'; linking object as if no debug info
fltkd.lib(Fl_Box.obj) : warning LNK4099: PDB 'fltk.pdb' was not found with 'fltkd.lib(Fl_Box.obj)' or at 'D:\Modules\COMP3304 - Advanced OO\Milestone 2\14002425_COMP3304_FinalMilestone\MVCImage - Commented\Debug\fltk.pdb'; linking object as if no debug info
fltkd.lib(fl_boxtype.obj) : warning LNK4099: PDB 'fltk.pdb' was not found with 'fltkd.lib(fl_boxtype.obj)' or at 'D:\Modules\COMP3304 - Advanced OO\Milestone 2\14002425_COMP3304_FinalMilestone\MVCImage - Commented\Debug\fltk.pdb'; linking object as if no debug info
fltkd.lib(Fl_Browser.obj) : warning LNK4099: PDB 'fltk.pdb' was not found with 'fltkd.lib(Fl_Browser.obj)' or at 'D:\Modules\COMP3304 - Advanced OO\Milestone 2\14002425_COMP3304_FinalMilestone\MVCImage - Commented\Debug\fltk.pdb'; linking object as if no debug info
fltkd.lib(Fl_Browser_.obj) : warning LNK4099: PDB 'fltk.pdb' was not found with 'fltkd.lib(Fl_Browser_.obj)' or at 'D:\Modules\COMP3304 - Advanced OO\Milestone 2\14002425_COMP3304_FinalMilestone\MVCImage - Commented\Debug\fltk.pdb'; linking object as if no debug info
fltkd.lib(Fl_Button.obj) : warning LNK4099: PDB 'fltk.pdb' was not found with 'fltkd.lib(Fl_Button.obj)' or at 'D:\Modules\COMP3304 - Advanced OO\Milestone 2\14002425_COMP3304_FinalMilestone\MVCImage - Commented\Debug\fltk.pdb'; linking object as if no debug info
fltkd.lib(Fl_Check_Button.obj) : warning LNK4099: PDB 'fltk.pdb' was not found with 'fltkd.lib(Fl_Check_Button.obj)' or at 'D:\Modules\COMP3304 - Advanced OO\Milestone 2\14002425_COMP3304_FinalMilestone\MVCImage - Commented\Debug\fltk.pdb'; linking object as if no debug info
fltkd.lib(Fl_Choice.obj) : warning LNK4099: PDB 'fltk.pdb' was not found with 'fltkd.lib(Fl_Choice.obj)' or at 'D:\Modules\COMP3304 - Advanced OO\Milestone 2\14002425_COMP3304_FinalMilestone\MVCImage - Commented\Debug\fltk.pdb'; linking object as if no debug info
fltkd.lib(fl_color.obj) : warning LNK4099: PDB 'fltk.pdb' was not found with 'fltkd.lib(fl_color.obj)' or at 'D:\Modules\COMP3304 - Advanced OO\Milestone 2\14002425_COMP3304_FinalMilestone\MVCImage - Commented\Debug\fltk.pdb'; linking object as if no debug info
fltkd.lib(Fl_compose.obj) : warning LNK4099: PDB 'fltk.pdb' was not found with 'fltkd.lib(Fl_compose.obj)' or at 'D:\Modules\COMP3304 - Advanced OO\Milestone 2\14002425_COMP3304_FinalMilestone\MVCImage - Commented\Debug\fltk.pdb'; linking object as if no debug info
fltkd.lib(fl_cursor.obj) : warning LNK4099: PDB 'fltk.pdb' was not found with 'fltkd.lib(fl_cursor.obj)' or at 'D:\Modules\COMP3304 - Advanced OO\Milestone 2\14002425_COMP3304_FinalMilestone\MVCImage - Commented\Debug\fltk.pdb'; linking object as if no debug info
fltkd.lib(fl_curve.obj) : warning LNK4099: PDB 'fltk.pdb' was not found with 'fltkd.lib(fl_curve.obj)' or at 'D:\Modules\COMP3304 - Advanced OO\Milestone 2\14002425_COMP3304_FinalMilestone\MVCImage - Commented\Debug\fltk.pdb'; linking object as if no debug info
fltkd.lib(Fl_Device.obj) : warning LNK4099: PDB 'fltk.pdb' was not found with 'fltkd.lib(Fl_Device.obj)' or at 'D:\Modules\COMP3304 - Advanced OO\Milestone 2\14002425_COMP3304_FinalMilestone\MVCImage - Commented\Debug\fltk.pdb'; linking object as if no debug info
fltkd.lib(fl_dnd.obj) : warning LNK4099: PDB 'fltk.pdb' was not found with 'fltkd.lib(fl_dnd.obj)' or at 'D:\Modules\COMP3304 - Advanced OO\Milestone 2\14002425_COMP3304_FinalMilestone\MVCImage - Commented\Debug\fltk.pdb'; linking object as if no debug info
fltkd.lib(Fl_Double_Window.obj) : warning LNK4099: PDB 'fltk.pdb' was not found with 'fltkd.lib(Fl_Double_Window.obj)' or at 'D:\Modules\COMP3304 - Advanced OO\Milestone 2\14002425_COMP3304_FinalMilestone\MVCImage - Commented\Debug\fltk.pdb'; linking object as if no debug info
fltkd.lib(fl_draw.obj) : warning LNK4099: PDB 'fltk.pdb' was not found with 'fltkd.lib(fl_draw.obj)' or at 'D:\Modules\COMP3304 - Advanced OO\Milestone 2\14002425_COMP3304_FinalMilestone\MVCImage - Commented\Debug\fltk.pdb'; linking object as if no debug info
fltkd.lib(fl_draw_image.obj) : warning LNK4099: PDB 'fltk.pdb' was not found with 'fltkd.lib(fl_draw_image.obj)' or at 'D:\Modules\COMP3304 - Advanced OO\Milestone 2\14002425_COMP3304_FinalMilestone\MVCImage - Commented\Debug\fltk.pdb'; linking object as if no debug info
fltkd.lib(fl_draw_pixmap.obj) : warning LNK4099: PDB 'fltk.pdb' was not found with 'fltkd.lib(fl_draw_pixmap.obj)' or at 'D:\Modules\COMP3304 - Advanced OO\Milestone 2\14002425_COMP3304_FinalMilestone\MVCImage - Commented\Debug\fltk.pdb'; linking object as if no debug info
fltkd.lib(Fl_File_Browser.obj) : warning LNK4099: PDB 'fltk.pdb' was not found with 'fltkd.lib(Fl_File_Browser.obj)' or at 'D:\Modules\COMP3304 - Advanced OO\Milestone 2\14002425_COMP3304_FinalMilestone\MVCImage - Commented\Debug\fltk.pdb'; linking object as if no debug info
fltkd.lib(Fl_File_Chooser.obj) : warning LNK4099: PDB 'fltk.pdb' was not found with 'fltkd.lib(Fl_File_Chooser.obj)' or at 'D:\Modules\COMP3304 - Advanced OO\Milestone 2\14002425_COMP3304_FinalMilestone\MVCImage - Commented\Debug\fltk.pdb'; linking object as if no debug info
fltkd.lib(Fl_File_Chooser2.obj) : warning LNK4099: PDB 'fltk.pdb' was not found with 'fltkd.lib(Fl_File_Chooser2.obj)' or at 'D:\Modules\COMP3304 - Advanced OO\Milestone 2\14002425_COMP3304_FinalMilestone\MVCImage - Commented\Debug\fltk.pdb'; linking object as if no debug info
fltkd.lib(Fl_File_Icon.obj) : warning LNK4099: PDB 'fltk.pdb' was not found with 'fltkd.lib(Fl_File_Icon.obj)' or at 'D:\Modules\COMP3304 - Advanced OO\Milestone 2\14002425_COMP3304_FinalMilestone\MVCImage - Commented\Debug\fltk.pdb'; linking object as if no debug info
fltkd.lib(Fl_File_Input.obj) : warning LNK4099: PDB 'fltk.pdb' was not found with 'fltkd.lib(Fl_File_Input.obj)' or at 'D:\Modules\COMP3304 - Advanced OO\Milestone 2\14002425_COMP3304_FinalMilestone\MVCImage - Commented\Debug\fltk.pdb'; linking object as if no debug info
fltkd.lib(fl_font.obj) : warning LNK4099: PDB 'fltk.pdb' was not found with 'fltkd.lib(fl_font.obj)' or at 'D:\Modules\COMP3304 - Advanced OO\Milestone 2\14002425_COMP3304_FinalMilestone\MVCImage - Commented\Debug\fltk.pdb'; linking object as if no debug info
fltkd.lib(Fl_get_system_colors.obj) : warning LNK4099: PDB 'fltk.pdb' was not found with 'fltkd.lib(Fl_get_system_colors.obj)' or at 'D:\Modules\COMP3304 - Advanced OO\Milestone 2\14002425_COMP3304_FinalMilestone\MVCImage - Commented\Debug\fltk.pdb'; linking object as if no debug info
fltkd.lib(Fl_grab.obj) : warning LNK4099: PDB 'fltk.pdb' was not found with 'fltkd.lib(Fl_grab.obj)' or at 'D:\Modules\COMP3304 - Advanced OO\Milestone 2\14002425_COMP3304_FinalMilestone\MVCImage - Commented\Debug\fltk.pdb'; linking object as if no debug info
fltkd.lib(Fl_Group.obj) : warning LNK4099: PDB 'fltk.pdb' was not found with 'fltkd.lib(Fl_Group.obj)' or at 'D:\Modules\COMP3304 - Advanced OO\Milestone 2\14002425_COMP3304_FinalMilestone\MVCImage - Commented\Debug\fltk.pdb'; linking object as if no debug info
fltkd.lib(fl_gtk.obj) : warning LNK4099: PDB 'fltk.pdb' was not found with 'fltkd.lib(fl_gtk.obj)' or at 'D:\Modules\COMP3304 - Advanced OO\Milestone 2\14002425_COMP3304_FinalMilestone\MVCImage - Commented\Debug\fltk.pdb'; linking object as if no debug info
fltkd.lib(fl_gleam.obj) : warning LNK4099: PDB 'fltk.pdb' was not found with 'fltkd.lib(fl_gleam.obj)' or at 'D:\Modules\COMP3304 - Advanced OO\Milestone 2\14002425_COMP3304_FinalMilestone\MVCImage - Commented\Debug\fltk.pdb'; linking object as if no debug info
fltkd.lib(Fl_Image.obj) : warning LNK4099: PDB 'fltk.pdb' was not found with 'fltkd.lib(Fl_Image.obj)' or at 'D:\Modules\COMP3304 - Advanced OO\Milestone 2\14002425_COMP3304_FinalMilestone\MVCImage - Commented\Debug\fltk.pdb'; linking object as if no debug info
fltkd.lib(Fl_Input.obj) : warning LNK4099: PDB 'fltk.pdb' was not found with 'fltkd.lib(Fl_Input.obj)' or at 'D:\Modules\COMP3304 - Advanced OO\Milestone 2\14002425_COMP3304_FinalMilestone\MVCImage - Commented\Debug\fltk.pdb'; linking object as if no debug info
fltkd.lib(Fl_Input_.obj) : warning LNK4099: PDB 'fltk.pdb' was not found with 'fltkd.lib(Fl_Input_.obj)' or at 'D:\Modules\COMP3304 - Advanced OO\Milestone 2\14002425_COMP3304_FinalMilestone\MVCImage - Commented\Debug\fltk.pdb'; linking object as if no debug info
fltkd.lib(fl_labeltype.obj) : warning LNK4099: PDB 'fltk.pdb' was not found with 'fltkd.lib(fl_labeltype.obj)' or at 'D:\Modules\COMP3304 - Advanced OO\Milestone 2\14002425_COMP3304_FinalMilestone\MVCImage - Commented\Debug\fltk.pdb'; linking object as if no debug info
fltkd.lib(Fl_Light_Button.obj) : warning LNK4099: PDB 'fltk.pdb' was not found with 'fltkd.lib(Fl_Light_Button.obj)' or at 'D:\Modules\COMP3304 - Advanced OO\Milestone 2\14002425_COMP3304_FinalMilestone\MVCImage - Commented\Debug\fltk.pdb'; linking object as if no debug info
fltkd.lib(fl_line_style.obj) : warning LNK4099: PDB 'fltk.pdb' was not found with 'fltkd.lib(fl_line_style.obj)' or at 'D:\Modules\COMP3304 - Advanced OO\Milestone 2\14002425_COMP3304_FinalMilestone\MVCImage - Commented\Debug\fltk.pdb'; linking object as if no debug info
fltkd.lib(Fl_lock.obj) : warning LNK4099: PDB 'fltk.pdb' was not found with 'fltkd.lib(Fl_lock.obj)' or at 'D:\Modules\COMP3304 - Advanced OO\Milestone 2\14002425_COMP3304_FinalMilestone\MVCImage - Commented\Debug\fltk.pdb'; linking object as if no debug info
fltkd.lib(Fl_Menu.obj) : warning LNK4099: PDB 'fltk.pdb' was not found with 'fltkd.lib(Fl_Menu.obj)' or at 'D:\Modules\COMP3304 - Advanced OO\Milestone 2\14002425_COMP3304_FinalMilestone\MVCImage - Commented\Debug\fltk.pdb'; linking object as if no debug info
fltkd.lib(Fl_Menu_.obj) : warning LNK4099: PDB 'fltk.pdb' was not found with 'fltkd.lib(Fl_Menu_.obj)' or at 'D:\Modules\COMP3304 - Advanced OO\Milestone 2\14002425_COMP3304_FinalMilestone\MVCImage - Commented\Debug\fltk.pdb'; linking object as if no debug info
fltkd.lib(Fl_Menu_add.obj) : warning LNK4099: PDB 'fltk.pdb' was not found with 'fltkd.lib(Fl_Menu_add.obj)' or at 'D:\Modules\COMP3304 - Advanced OO\Milestone 2\14002425_COMP3304_FinalMilestone\MVCImage - Commented\Debug\fltk.pdb'; linking object as if no debug info
fltkd.lib(Fl_Menu_Button.obj) : warning LNK4099: PDB 'fltk.pdb' was not found with 'fltkd.lib(Fl_Menu_Button.obj)' or at 'D:\Modules\COMP3304 - Advanced OO\Milestone 2\14002425_COMP3304_FinalMilestone\MVCImage - Commented\Debug\fltk.pdb'; linking object as if no debug info
fltkd.lib(Fl_Menu_Window.obj) : warning LNK4099: PDB 'fltk.pdb' was not found with 'fltkd.lib(Fl_Menu_Window.obj)' or at 'D:\Modules\COMP3304 - Advanced OO\Milestone 2\14002425_COMP3304_FinalMilestone\MVCImage - Commented\Debug\fltk.pdb'; linking object as if no debug info
fltkd.lib(Fl_Native_File_Chooser.obj) : warning LNK4099: PDB 'fltk.pdb' was not found with 'fltkd.lib(Fl_Native_File_Chooser.obj)' or at 'D:\Modules\COMP3304 - Advanced OO\Milestone 2\14002425_COMP3304_FinalMilestone\MVCImage - Commented\Debug\fltk.pdb'; linking object as if no debug info
fltkd.lib(Fl_Overlay_Window.obj) : warning LNK4099: PDB 'fltk.pdb' was not found with 'fltkd.lib(Fl_Overlay_Window.obj)' or at 'D:\Modules\COMP3304 - Advanced OO\Milestone 2\14002425_COMP3304_FinalMilestone\MVCImage - Commented\Debug\fltk.pdb'; linking object as if no debug info
fltkd.lib(Fl_Pixmap.obj) : warning LNK4099: PDB 'fltk.pdb' was not found with 'fltkd.lib(Fl_Pixmap.obj)' or at 'D:\Modules\COMP3304 - Advanced OO\Milestone 2\14002425_COMP3304_FinalMilestone\MVCImage - Commented\Debug\fltk.pdb'; linking object as if no debug info
fltkd.lib(fl_plastic.obj) : warning LNK4099: PDB 'fltk.pdb' was not found with 'fltkd.lib(fl_plastic.obj)' or at 'D:\Modules\COMP3304 - Advanced OO\Milestone 2\14002425_COMP3304_FinalMilestone\MVCImage - Commented\Debug\fltk.pdb'; linking object as if no debug info
fltkd.lib(Fl_Preferences.obj) : warning LNK4099: PDB 'fltk.pdb' was not found with 'fltkd.lib(Fl_Preferences.obj)' or at 'D:\Modules\COMP3304 - Advanced OO\Milestone 2\14002425_COMP3304_FinalMilestone\MVCImage - Commented\Debug\fltk.pdb'; linking object as if no debug info
fltkd.lib(fl_read_image.obj) : warning LNK4099: PDB 'fltk.pdb' was not found with 'fltkd.lib(fl_read_image.obj)' or at 'D:\Modules\COMP3304 - Advanced OO\Milestone 2\14002425_COMP3304_FinalMilestone\MVCImage - Commented\Debug\fltk.pdb'; linking object as if no debug info
fltkd.lib(fl_rect.obj) : warning LNK4099: PDB 'fltk.pdb' was not found with 'fltkd.lib(fl_rect.obj)' or at 'D:\Modules\COMP3304 - Advanced OO\Milestone 2\14002425_COMP3304_FinalMilestone\MVCImage - Commented\Debug\fltk.pdb'; linking object as if no debug info
fltkd.lib(Fl_Repeat_Button.obj) : warning LNK4099: PDB 'fltk.pdb' was not found with 'fltkd.lib(Fl_Repeat_Button.obj)' or at 'D:\Modules\COMP3304 - Advanced OO\Milestone 2\14002425_COMP3304_FinalMilestone\MVCImage - Commented\Debug\fltk.pdb'; linking object as if no debug info
fltkd.lib(Fl_Return_Button.obj) : warning LNK4099: PDB 'fltk.pdb' was not found with 'fltkd.lib(Fl_Return_Button.obj)' or at 'D:\Modules\COMP3304 - Advanced OO\Milestone 2\14002425_COMP3304_FinalMilestone\MVCImage - Commented\Debug\fltk.pdb'; linking object as if no debug info
fltkd.lib(fl_round_box.obj) : warning LNK4099: PDB 'fltk.pdb' was not found with 'fltkd.lib(fl_round_box.obj)' or at 'D:\Modules\COMP3304 - Advanced OO\Milestone 2\14002425_COMP3304_FinalMilestone\MVCImage - Commented\Debug\fltk.pdb'; linking object as if no debug info
fltkd.lib(Fl_Scrollbar.obj) : warning LNK4099: PDB 'fltk.pdb' was not found with 'fltkd.lib(Fl_Scrollbar.obj)' or at 'D:\Modules\COMP3304 - Advanced OO\Milestone 2\14002425_COMP3304_FinalMilestone\MVCImage - Commented\Debug\fltk.pdb'; linking object as if no debug info
fltkd.lib(Fl_Shared_Image.obj) : warning LNK4099: PDB 'fltk.pdb' was not found with 'fltkd.lib(Fl_Shared_Image.obj)' or at 'D:\Modules\COMP3304 - Advanced OO\Milestone 2\14002425_COMP3304_FinalMilestone\MVCImage - Commented\Debug\fltk.pdb'; linking object as if no debug info
fltkd.lib(fl_shortcut.obj) : warning LNK4099: PDB 'fltk.pdb' was not found with 'fltkd.lib(fl_shortcut.obj)' or at 'D:\Modules\COMP3304 - Advanced OO\Milestone 2\14002425_COMP3304_FinalMilestone\MVCImage - Commented\Debug\fltk.pdb'; linking object as if no debug info
fltkd.lib(Fl_Single_Window.obj) : warning LNK4099: PDB 'fltk.pdb' was not found with 'fltkd.lib(Fl_Single_Window.obj)' or at 'D:\Modules\COMP3304 - Advanced OO\Milestone 2\14002425_COMP3304_FinalMilestone\MVCImage - Commented\Debug\fltk.pdb'; linking object as if no debug info
fltkd.lib(Fl_Slider.obj) : warning LNK4099: PDB 'fltk.pdb' was not found with 'fltkd.lib(Fl_Slider.obj)' or at 'D:\Modules\COMP3304 - Advanced OO\Milestone 2\14002425_COMP3304_FinalMilestone\MVCImage - Commented\Debug\fltk.pdb'; linking object as if no debug info
fltkd.lib(fl_symbols.obj) : warning LNK4099: PDB 'fltk.pdb' was not found with 'fltkd.lib(fl_symbols.obj)' or at 'D:\Modules\COMP3304 - Advanced OO\Milestone 2\14002425_COMP3304_FinalMilestone\MVCImage - Commented\Debug\fltk.pdb'; linking object as if no debug info
fltkd.lib(Fl_Tile.obj) : warning LNK4099: PDB 'fltk.pdb' was not found with 'fltkd.lib(Fl_Tile.obj)' or at 'D:\Modules\COMP3304 - Advanced OO\Milestone 2\14002425_COMP3304_FinalMilestone\MVCImage - Commented\Debug\fltk.pdb'; linking object as if no debug info
fltkd.lib(Fl_Tiled_Image.obj) : warning LNK4099: PDB 'fltk.pdb' was not found with 'fltkd.lib(Fl_Tiled_Image.obj)' or at 'D:\Modules\COMP3304 - Advanced OO\Milestone 2\14002425_COMP3304_FinalMilestone\MVCImage - Commented\Debug\fltk.pdb'; linking object as if no debug info
fltkd.lib(Fl_Tooltip.obj) : warning LNK4099: PDB 'fltk.pdb' was not found with 'fltkd.lib(Fl_Tooltip.obj)' or at 'D:\Modules\COMP3304 - Advanced OO\Milestone 2\14002425_COMP3304_FinalMilestone\MVCImage - Commented\Debug\fltk.pdb'; linking object as if no debug info
fltkd.lib(fl_utf.obj) : warning LNK4099: PDB 'fltk.pdb' was not found with 'fltkd.lib(fl_utf.obj)' or at 'D:\Modules\COMP3304 - Advanced OO\Milestone 2\14002425_COMP3304_FinalMilestone\MVCImage - Commented\Debug\fltk.pdb'; linking object as if no debug info
fltkd.lib(fl_utf8.obj) : warning LNK4099: PDB 'fltk.pdb' was not found with 'fltkd.lib(fl_utf8.obj)' or at 'D:\Modules\COMP3304 - Advanced OO\Milestone 2\14002425_COMP3304_FinalMilestone\MVCImage - Commented\Debug\fltk.pdb'; linking object as if no debug info
fltkd.lib(Fl_Valuator.obj) : warning LNK4099: PDB 'fltk.pdb' was not found with 'fltkd.lib(Fl_Valuator.obj)' or at 'D:\Modules\COMP3304 - Advanced OO\Milestone 2\14002425_COMP3304_FinalMilestone\MVCImage - Commented\Debug\fltk.pdb'; linking object as if no debug info
fltkd.lib(Fl_Value_Input.obj) : warning LNK4099: PDB 'fltk.pdb' was not found with 'fltkd.lib(Fl_Value_Input.obj)' or at 'D:\Modules\COMP3304 - Advanced OO\Milestone 2\14002425_COMP3304_FinalMilestone\MVCImage - Commented\Debug\fltk.pdb'; linking object as if no debug info
fltkd.lib(fl_vertex.obj) : warning LNK4099: PDB 'fltk.pdb' was not found with 'fltkd.lib(fl_vertex.obj)' or at 'D:\Modules\COMP3304 - Advanced OO\Milestone 2\14002425_COMP3304_FinalMilestone\MVCImage - Commented\Debug\fltk.pdb'; linking object as if no debug info
fltkd.lib(Fl_Widget.obj) : warning LNK4099: PDB 'fltk.pdb' was not found with 'fltkd.lib(Fl_Widget.obj)' or at 'D:\Modules\COMP3304 - Advanced OO\Milestone 2\14002425_COMP3304_FinalMilestone\MVCImage - Commented\Debug\fltk.pdb'; linking object as if no debug info
fltkd.lib(Fl_Window.obj) : warning LNK4099: PDB 'fltk.pdb' was not found with 'fltkd.lib(Fl_Window.obj)' or at 'D:\Modules\COMP3304 - Advanced OO\Milestone 2\14002425_COMP3304_FinalMilestone\MVCImage - Commented\Debug\fltk.pdb'; linking object as if no debug info
fltkd.lib(Fl_Window_fullscreen.obj) : warning LNK4099: PDB 'fltk.pdb' was not found with 'fltkd.lib(Fl_Window_fullscreen.obj)' or at 'D:\Modules\COMP3304 - Advanced OO\Milestone 2\14002425_COMP3304_FinalMilestone\MVCImage - Commented\Debug\fltk.pdb'; linking object as if no debug info
fltkd.lib(Fl_Window_hotspot.obj) : warning LNK4099: PDB 'fltk.pdb' was not found with 'fltkd.lib(Fl_Window_hotspot.obj)' or at 'D:\Modules\COMP3304 - Advanced OO\Milestone 2\14002425_COMP3304_FinalMilestone\MVCImage - Commented\Debug\fltk.pdb'; linking object as if no debug info
fltkd.lib(Fl_Window_shape.obj) : warning LNK4099: PDB 'fltk.pdb' was not found with 'fltkd.lib(Fl_Window_shape.obj)' or at 'D:\Modules\COMP3304 - Advanced OO\Milestone 2\14002425_COMP3304_FinalMilestone\MVCImage - Commented\Debug\fltk.pdb'; linking object as if no debug info
fltkd.lib(Fl_XBM_Image.obj) : warning LNK4099: PDB 'fltk.pdb' was not found with 'fltkd.lib(Fl_XBM_Image.obj)' or at 'D:\Modules\COMP3304 - Advanced OO\Milestone 2\14002425_COMP3304_FinalMilestone\MVCImage - Commented\Debug\fltk.pdb'; linking object as if no debug info
fltkd.lib(Fl_XPM_Image.obj) : warning LNK4099: PDB 'fltk.pdb' was not found with 'fltkd.lib(Fl_XPM_Image.obj)' or at 'D:\Modules\COMP3304 - Advanced OO\Milestone 2\14002425_COMP3304_FinalMilestone\MVCImage - Commented\Debug\fltk.pdb'; linking object as if no debug info
fltkd.lib(flstring.obj) : warning LNK4099: PDB 'fltk.pdb' was not found with 'fltkd.lib(flstring.obj)' or at 'D:\Modules\COMP3304 - Advanced OO\Milestone 2\14002425_COMP3304_FinalMilestone\MVCImage - Commented\Debug\fltk.pdb'; linking object as if no debug info
fltkd.lib(is_spacing.obj) : warning LNK4099: PDB 'fltk.pdb' was not found with 'fltkd.lib(is_spacing.obj)' or at 'D:\Modules\COMP3304 - Advanced OO\Milestone 2\14002425_COMP3304_FinalMilestone\MVCImage - Commented\Debug\fltk.pdb'; linking object as if no debug info
fltkd.lib(numericsort.obj) : warning LNK4099: PDB 'fltk.pdb' was not found with 'fltkd.lib(numericsort.obj)' or at 'D:\Modules\COMP3304 - Advanced OO\Milestone 2\14002425_COMP3304_FinalMilestone\MVCImage - Commented\Debug\fltk.pdb'; linking object as if no debug info
fltkd.lib(scandir.obj) : warning LNK4099: PDB 'fltk.pdb' was not found with 'fltkd.lib(scandir.obj)' or at 'D:\Modules\COMP3304 - Advanced OO\Milestone 2\14002425_COMP3304_FinalMilestone\MVCImage - Commented\Debug\fltk.pdb'; linking object as if no debug info
fltkd.lib(screen_xywh.obj) : warning LNK4099: PDB 'fltk.pdb' was not found with 'fltkd.lib(screen_xywh.obj)' or at 'D:\Modules\COMP3304 - Advanced OO\Milestone 2\14002425_COMP3304_FinalMilestone\MVCImage - Commented\Debug\fltk.pdb'; linking object as if no debug info
fltkd.lib(vsnprintf.obj) : warning LNK4099: PDB 'fltk.pdb' was not found with 'fltkd.lib(vsnprintf.obj)' or at 'D:\Modules\COMP3304 - Advanced OO\Milestone 2\14002425_COMP3304_FinalMilestone\MVCImage - Commented\Debug\fltk.pdb'; linking object as if no debug info
  MVCImage.vcxproj -> D:\Modules\COMP3304 - Advanced OO\Milestone 2\14002425_COMP3304_FinalMilestone\MVCImage - Commented\Debug\MVCImage.exe
  MVCImage.vcxproj -> D:\Modules\COMP3304 - Advanced OO\Milestone 2\14002425_COMP3304_FinalMilestone\MVCImage - Commented\Debug\MVCImage.pdb (Full PDB)
  0 File(s) copied
